<?xml version="1.0" encoding="UTF-8"?>
<testng-results ignored="3" total="4" passed="1" failed="0" skipped="0">
  <reporter-output>
  </reporter-output>
  <suite started-at="2023-08-24T00:50:03 IST" name="Default suite" finished-at="2023-08-24T00:50:07 IST" duration-ms="3771">
    <groups>
    </groups>
    <test started-at="2023-08-24T00:50:03 IST" name="Default test" finished-at="2023-08-24T00:50:07 IST" duration-ms="3771">
      <class name="com.america.washington.RequestMethods">
        <test-method signature="createRepo()[pri:0, instance:com.america.washington.RequestMethods@101952da]" started-at="2023-08-24T00:50:03 IST" name="createRepo" finished-at="2023-08-24T00:50:07 IST" duration-ms="3688" status="PASS">
          <reporter-output>
          </reporter-output>
        </test-method> <!-- createRepo -->
      </class> <!-- com.america.washington.RequestMethods -->
    </test> <!-- Default test -->
  </suite> <!-- Default suite -->
</testng-results>
