<?xml version="1.0" encoding="UTF-8"?>
<testng-results ignored="0" total="1" passed="1" failed="0" skipped="0">
  <reporter-output>
  </reporter-output>
  <suite started-at="2023-08-30T16:38:40 IST" name="Suite" finished-at="2023-08-30T16:39:42 IST" duration-ms="62865">
    <groups>
    </groups>
    <test started-at="2023-08-30T16:38:40 IST" name="Test" finished-at="2023-08-30T16:39:42 IST" duration-ms="62865">
      <class name="com.Nykaa.runner.NykaaTestNGcmd">
        <test-method is-config="true" signature="browser()[pri:0, instance:com.Nykaa.runner.NykaaTestNGcmd@54a7079e]" started-at="2023-08-30T16:38:40 IST" name="browser" finished-at="2023-08-30T16:38:53 IST" duration-ms="13256" status="PASS">
          <reporter-output>
          </reporter-output>
        </test-method> <!-- browser -->
        <test-method signature="Mobileno_enter()[pri:0, instance:com.Nykaa.runner.NykaaTestNGcmd@54a7079e]" started-at="2023-08-30T16:38:53 IST" name="Mobileno_enter" finished-at="2023-08-30T16:38:54 IST" duration-ms="1412" status="PASS">
          <reporter-output>
          </reporter-output>
        </test-method> <!-- Mobileno_enter -->
        <test-method is-config="true" signature="otp_click()[pri:0, instance:com.Nykaa.runner.NykaaTestNGcmd@54a7079e]" started-at="2023-08-30T16:38:54 IST" name="otp_click" finished-at="2023-08-30T16:39:42 IST" duration-ms="48097" status="PASS">
          <reporter-output>
          </reporter-output>
        </test-method> <!-- otp_click -->
      </class> <!-- com.Nykaa.runner.NykaaTestNGcmd -->
    </test> <!-- Test -->
  </suite> <!-- Suite -->
</testng-results>
