<?xml version="1.0" encoding="UTF-8"?>
<!-- Generated by org.testng.reporters.JUnitXMLReporter -->
<testsuite ignored="3" hostname="DESKTOP-DE7NHV1" failures="0" tests="1" name="Default test" time="3.771" errors="0" timestamp="2023-08-24T00:50:07 IST">
  <testcase classname="com.america.washington.RequestMethods" name="createRepo" time="3.688"/>
  <testcase classname="com.america.washington.RequestMethods" name="deleteRepo" time="0.0">
    <ignored/>
  </testcase> <!-- deleteRepo -->
  <testcase classname="com.america.washington.RequestMethods" name="getRep" time="0.0">
    <ignored/>
  </testcase> <!-- getRep -->
  <testcase classname="com.america.washington.RequestMethods" name="updateTopics" time="0.0">
    <ignored/>
  </testcase> <!-- updateTopics -->
</testsuite> <!-- Default test -->
